Arguments: 
  C:\Program Files\nodejs\node.exe C:\Users\sxy\AppData\Roaming\npm\node_modules\yarn\bin\yarn.js add @label/cli @babel/core @babel/plugin-proposal-class-properties @babel/plugin-proposal-object-rest-spread @babel/preset-env @babel/preset-typescript -D

PATH: 
  C:\Users\sxy\bin;C:\Program Files\Git\mingw64\bin;C:\Program Files\Git\usr\local\bin;C:\Program Files\Git\usr\bin;C:\Program Files\Git\usr\bin;C:\Program Files\Git\mingw64\bin;C:\Program Files\Git\usr\bin;C:\Users\sxy\bin;C:\Windows\system32;C:\Windows;C:\Windows\System32\Wbem;C:\Windows\System32\WindowsPowerShell\v1.0;C:\Windows\System32\OpenSSH;C:\Program Files\nodejs;C:\Program Files\Git\cmd;C:\Program Files\Common Files\Autodesk Shared;C:\Program Files\python;C:\Program Files\python\Scripts;D:\BtSoft\panel\script;D:\;C:\Users\sxy\AppData\Local\Microsoft\WindowsApps;D:\Microsoft VS Code\bin;C:\Users\sxy\AppData\Roaming\npm;C:\Program Files\Git\usr\bin\vendor_perl;C:\Program Files\Git\usr\bin\core_perl

Yarn version: 
  1.22.11

Node version: 
  14.17.6

Platform: 
  win32 x64

Trace: 
  Error: https://registry.yarnpkg.com/@label%2fcli: Not found
      at Request.params.callback [as _callback] (C:\Users\sxy\AppData\Roaming\npm\node_modules\yarn\lib\cli.js:66992:18)
      at Request.self.callback (C:\Users\sxy\AppData\Roaming\npm\node_modules\yarn\lib\cli.js:140763:22)
      at Request.emit (events.js:400:28)
      at Request.<anonymous> (C:\Users\sxy\AppData\Roaming\npm\node_modules\yarn\lib\cli.js:141735:10)
      at Request.emit (events.js:400:28)
      at IncomingMessage.<anonymous> (C:\Users\sxy\AppData\Roaming\npm\node_modules\yarn\lib\cli.js:141657:12)
      at Object.onceWrapper (events.js:519:28)
      at IncomingMessage.emit (events.js:412:35)
      at endReadableNT (internal/streams/readable.js:1317:12)
      at processTicksAndRejections (internal/process/task_queues.js:82:21)

npm manifest: 
  {
    "name": "react-scaff",
    "version": "1.0.0",
    "description": "react脚手架",
    "private": true,
    "scripts": {
      "dev": "webpack-dev-server --config ./scripts/webpack.dev.js",
      "build": "webpack --config ./scripts/webpack.prod.js",
      "test": "echo \"Error: no test specified\" && exit 1"
    },
    "keywords": [
      "react"
    ],
    "author": "bihongbin",
    "license": "ISC",
    "devDependencies": {
      "@types/lodash": "^4.14.178",
      "@types/react": "^17.0.39",
      "@types/react-dom": "^17.0.11",
      "copy-webpack-plugin": "^10.2.4",
      "css-minimizer-webpack-plugin": "^3.4.1",
      "html-webpack-plugin": "^5.5.0",
      "mini-css-extract-plugin": "^2.5.3",
      "ts-loader": "^9.2.6",
      "typescript": "^4.5.5",
      "uglifyjs-webpack-plugin": "^2.2.0",
      "webpack": "^5.68.0",
      "webpack-cli": "^4.9.2",
      "webpack-dev-server": "^4.7.4",
      "webpack-merge": "^5.8.0",
      "webpackbar": "^5.0.2"
    },
    "dependencies": {
      "lodash": "^4.17.21",
      "react": "^17.0.2",
      "react-dom": "^17.0.2"
    }
  }

yarn manifest: 
  No manifest

Lockfile: 
  No lockfile
